   Compiling beefcake v0.1.0 (C:\Users\antho\OneDrive\beefcake\beefcake)
error[E0308]: mismatched types
  --> src\analyser\logic\mod.rs:22:36
   |
22 |         let summaries = analyse_df(df, 0.0)?;
   |                         ---------- ^^ expected `&DataFrame`, found `DataFrame`
   |                         |
   |                         arguments to this function are incorrect
   |
note: function defined here
  --> src\analyser\logic\analysis.rs:88:8
   |
88 | pub fn analyse_df(df: &DataFrame, trim_pct: f64) -> Result<Vec<ColumnSu...
   |        ^^^^^^^^^^ --------------
help: consider borrowing here
   |
22 |         let summaries = analyse_df(&df, 0.0)?;
   |                                    +
error[E0308]: mismatched types
  --> src\analyser\logic\mod.rs:31:36
   |
31 |         let summaries = analyse_df(df, 0.0)?;
   |                         ---------- ^^ expected `&DataFrame`, found `DataFrame`
   |                         |
   |                         arguments to this function are incorrect
   |
note: function defined here
  --> src\analyser\logic\analysis.rs:88:8
   |
88 | pub fn analyse_df(df: &DataFrame, trim_pct: f64) -> Result<Vec<ColumnSu...
   |        ^^^^^^^^^^ --------------
help: consider borrowing here
   |
31 |         let summaries = analyse_df(&df, 0.0)?;
   |                                    +
error[E0308]: mismatched types
  --> src\analyser\logic\mod.rs:43:36
   |
43 |         let summaries = analyse_df(df, 0.0)?;
   |                         ---------- ^^ expected `&DataFrame`, found `DataFrame`
   |                         |
   |                         arguments to this function are incorrect
   |
note: function defined here
  --> src\analyser\logic\analysis.rs:88:8
   |
88 | pub fn analyse_df(df: &DataFrame, trim_pct: f64) -> Result<Vec<ColumnSu...
   |        ^^^^^^^^^^ --------------
help: consider borrowing here
   |
43 |         let summaries = analyse_df(&df, 0.0)?;
   |                                    +
error[E0308]: mismatched types
  --> src\analyser\logic\mod.rs:60:36
   |
60 |         let summaries = analyse_df(df, 0.0)?;
   |                         ---------- ^^ expected `&DataFrame`, found `DataFrame`
   |                         |
   |                         arguments to this function are incorrect
   |
note: function defined here
  --> src\analyser\logic\analysis.rs:88:8
   |
88 | pub fn analyse_df(df: &DataFrame, trim_pct: f64) -> Result<Vec<ColumnSu...
   |        ^^^^^^^^^^ --------------
help: consider borrowing here
   |
60 |         let summaries = analyse_df(&df, 0.0)?;
   |                                    +
error[E0308]: mismatched types
  --> src\analyser\logic\mod.rs:84:36
   |
84 |         let summaries = analyse_df(df, 0.0)?;
   |                         ---------- ^^ expected `&DataFrame`, found `DataFrame`
   |                         |
   |                         arguments to this function are incorrect
   |
note: function defined here
  --> src\analyser\logic\analysis.rs:88:8
   |
88 | pub fn analyse_df(df: &DataFrame, trim_pct: f64) -> Result<Vec<ColumnSu...
   |        ^^^^^^^^^^ --------------
help: consider borrowing here
   |
84 |         let summaries = analyse_df(&df, 0.0)?;
   |                                    +
error[E0308]: mismatched types
  --> src\analyser\logic\mod.rs:92:37
   |
92 |         let summaries2 = analyse_df(df2, 0.0)?;
   |                          ---------- ^^^ expected `&DataFrame`, found `DataFrame`
   |                          |
   |                          arguments to this function are incorrect
   |
note: function defined here
  --> src\analyser\logic\analysis.rs:88:8
   |
88 | pub fn analyse_df(df: &DataFrame, trim_pct: f64) -> Result<Vec<ColumnSu...
   |        ^^^^^^^^^^ --------------
help: consider borrowing here
   |
92 |         let summaries2 = analyse_df(&df2, 0.0)?;
   |                                     +
error[E0308]: mismatched types
   --> src\analyser\logic\mod.rs:108:36
    |
108 |         let summaries = analyse_df(df, 0.0)?;
    |                         ---------- ^^ expected `&DataFrame`, found `DataFrame`
    |                         |
    |                         arguments to this function are incorrect
    |
note: function defined here
   --> src\analyser\logic\analysis.rs:88:8
    |
88  | pub fn analyse_df(df: &DataFrame, trim_pct: f64) -> Result<Vec<ColumnS...
    |        ^^^^^^^^^^ --------------
help: consider borrowing here
    |
108 |         let summaries = analyse_df(&df, 0.0)?;
    |                                    +
error[E0308]: mismatched types
   --> src\analyser\logic\mod.rs:128:36
    |
128 |         let summaries = analyse_df(df, 0.0)?;
    |                         ---------- ^^ expected `&DataFrame`, found `DataFrame`
    |                         |
    |                         arguments to this function are incorrect
    |
note: function defined here
   --> src\analyser\logic\analysis.rs:88:8
    |
88  | pub fn analyse_df(df: &DataFrame, trim_pct: f64) -> Result<Vec<ColumnS...
    |        ^^^^^^^^^^ --------------
help: consider borrowing here
    |
128 |         let summaries = analyse_df(&df, 0.0)?;
    |                                    +
error[E0308]: mismatched types
   --> src\analyser\logic\mod.rs:146:36
    |
146 |         let summaries = analyse_df(df, 0.0)?;
    |                         ---------- ^^ expected `&DataFrame`, found `DataFrame`
    |                         |
    |                         arguments to this function are incorrect
    |
note: function defined here
   --> src\analyser\logic\analysis.rs:88:8
    |
88  | pub fn analyse_df(df: &DataFrame, trim_pct: f64) -> Result<Vec<ColumnS...
    |        ^^^^^^^^^^ --------------
help: consider borrowing here
    |
146 |         let summaries = analyse_df(&df, 0.0)?;
    |                                    +
error[E0308]: mismatched types
   --> src\analyser\logic\mod.rs:163:36
    |
163 |         let summaries = analyse_df(df, 0.2)?;
    |                         ---------- ^^ expected `&DataFrame`, found `DataFrame`
    |                         |
    |                         arguments to this function are incorrect
    |
note: function defined here
   --> src\analyser\logic\analysis.rs:88:8
    |
88  | pub fn analyse_df(df: &DataFrame, trim_pct: f64) -> Result<Vec<ColumnS...
    |        ^^^^^^^^^^ --------------
help: consider borrowing here
    |
163 |         let summaries = analyse_df(&df, 0.2)?;
    |                                    +
error[E0308]: mismatched types
   --> src\analyser\logic\mod.rs:180:36
    |
180 |         let summaries = analyse_df(df, 0.0)?;
    |                         ---------- ^^ expected `&DataFrame`, found `DataFrame`
    |                         |
    |                         arguments to this function are incorrect
    |
note: function defined here
   --> src\analyser\logic\analysis.rs:88:8
    |
88  | pub fn analyse_df(df: &DataFrame, trim_pct: f64) -> Result<Vec<ColumnS...
    |        ^^^^^^^^^^ --------------
help: consider borrowing here
    |
180 |         let summaries = analyse_df(&df, 0.0)?;
    |                                    +
error[E0308]: mismatched types
   --> src\analyser\logic\mod.rs:196:36
    |
196 |         let summaries = analyse_df(df, 0.0)?;
    |                         ---------- ^^ expected `&DataFrame`, found `DataFrame`
    |                         |
    |                         arguments to this function are incorrect
    |
note: function defined here
   --> src\analyser\logic\analysis.rs:88:8
    |
88  | pub fn analyse_df(df: &DataFrame, trim_pct: f64) -> Result<Vec<ColumnS...
    |        ^^^^^^^^^^ --------------
help: consider borrowing here
    |
196 |         let summaries = analyse_df(&df, 0.0)?;
    |                                    +
error[E0308]: mismatched types
   --> src\analyser\logic\mod.rs:210:36
    |
210 |         let summaries = analyse_df(df, 0.0)?;
    |                         ---------- ^^ expected `&DataFrame`, found `DataFrame`
    |                         |
    |                         arguments to this function are incorrect
    |
note: function defined here
   --> src\analyser\logic\analysis.rs:88:8
    |
88  | pub fn analyse_df(df: &DataFrame, trim_pct: f64) -> Result<Vec<ColumnS...
    |        ^^^^^^^^^^ --------------
help: consider borrowing here
    |
210 |         let summaries = analyse_df(&df, 0.0)?;
    |                                    +
error[E0308]: mismatched types
   --> src\analyser\logic\mod.rs:233:36
    |
233 |         let summaries = analyse_df(df, 0.0)?;
    |                         ---------- ^^ expected `&DataFrame`, found `DataFrame`
    |                         |
    |                         arguments to this function are incorrect
    |
note: function defined here
   --> src\analyser\logic\analysis.rs:88:8
    |
88  | pub fn analyse_df(df: &DataFrame, trim_pct: f64) -> Result<Vec<ColumnS...
    |        ^^^^^^^^^^ --------------
help: consider borrowing here
    |
233 |         let summaries = analyse_df(&df, 0.0)?;
    |                                    +
error[E0308]: mismatched types
   --> src\analyser\logic\mod.rs:247:36
    |
247 |         let summaries = analyse_df(df, 0.0)?;
    |                         ---------- ^^ expected `&DataFrame`, found `DataFrame`
    |                         |
    |                         arguments to this function are incorrect
    |
note: function defined here
   --> src\analyser\logic\analysis.rs:88:8
    |
88  | pub fn analyse_df(df: &DataFrame, trim_pct: f64) -> Result<Vec<ColumnS...
    |        ^^^^^^^^^^ --------------
help: consider borrowing here
    |
247 |         let summaries = analyse_df(&df, 0.0)?;
    |                                    +
error[E0308]: mismatched types
   --> src\analyser\logic\mod.rs:259:36
    |
259 |         let summaries = analyse_df(df, 0.0)?;
    |                         ---------- ^^ expected `&DataFrame`, found `DataFrame`
    |                         |
    |                         arguments to this function are incorrect
    |
note: function defined here
   --> src\analyser\logic\analysis.rs:88:8
    |
88  | pub fn analyse_df(df: &DataFrame, trim_pct: f64) -> Result<Vec<ColumnS...
    |        ^^^^^^^^^^ --------------
help: consider borrowing here
    |
259 |         let summaries = analyse_df(&df, 0.0)?;
    |                                    +
For more information about this error, try `rustc --explain E0308`.
error: could not compile `beefcake` (lib test) due to 16 previous errors
warning: build failed, waiting for other jobs to finish...
